Сборка начата 28.12.2020 23:18:24.
Уровень детализации журнала: Normal.     1>Проект "D:\Доки\Уник\ЯП\Курсач\Generation\GenLib\GenLib.vcxproj" в узле 2 (целевые объекты Build).
     1>InitializeBuildStatus:
         Обращение к "Debug\GenLib.tlog\unsuccessfulbuild".
       ClCompile:
         C:\Program Files (x86)\Microsoft Visual Studio\2019\Community\VC\Tools\MSVC\14.28.29333\bin\HostX86\x86\CL.exe /c /ZI /JMC /nologo /W3 /WX- /diagnostics:column /sdl /Od /Oy- /D WIN32 /D _DEBUG /D _CONSOLE /D _UNICODE /D UNICODE /Gm- /EHsc /RTC1 /MDd /GS /fp:precise /Zc:wchar_t /Zc:forScope /Zc:inline /Fo"Debug\\" /Fd"Debug\GenLib.pdb" /Gd /TP /analyze- /FC /errorReport:prompt GenLib.cpp
         GenLib.cpp
       Lib:
         C:\Program Files (x86)\Microsoft Visual Studio\2019\Community\VC\Tools\MSVC\14.28.29333\bin\HostX86\x86\Lib.exe /OUT:"D:\Доки\Уник\ЯП\Курсач\Generation\Debug\GenLib.lib" /NOLOGO /MACHINE:X86 Debug\GenLib.obj
         GenLib.vcxproj -> D:\Доки\Уник\ЯП\Курсач\Generation\Debug\GenLib.lib
       CopyFilesToOutputDirectory:
         Копирование файла из "D:\Доки\Уник\ЯП\Курсач\Generation\GenLib\Debug\GenLib.pdb" в "D:\Доки\Уник\ЯП\Курсач\Generation\Debug\GenLib.pdb".
       FinalizeBuildStatus:
         Файл "Debug\GenLib.tlog\unsuccessfulbuild" удаляется.
         Обращение к "Debug\GenLib.tlog\GenLib.lastbuildstate".
     1>Сборка проекта "D:\Доки\Уник\ЯП\Курсач\Generation\GenLib\GenLib.vcxproj" завершена (целевые объекты Build).

Сборка успешно завершена.
    Предупреждений: 0
    Ошибок: 0

Прошло времени 00:00:02.51
