Сборка начата 28.12.2020 23:18:27.
Уровень детализации журнала: Normal.     1>Проект "D:\Доки\Уник\ЯП\Курсач\Generation\Generation\Generation.vcxproj" в узле 2 (целевые объекты Build).
     1>InitializeBuildStatus:
         Обращение к "Debug\Generation.tlog\unsuccessfulbuild".
       _MASM:
         Assembling Gen.asm...
         cmd.exe /C "C:\Users\kolia\AppData\Local\Temp\tmp9e0d8a12edc04c109e183ca564c7bf5a.cmd"
         ml.exe /c /nologo /Zi /Fo"Debug\Gen.obj" /W3 /errorReport:prompt  /TaGen.asm
       ClCompile:
         C:\Program Files (x86)\Microsoft Visual Studio\2019\Community\VC\Tools\MSVC\14.28.29333\bin\HostX86\x86\CL.exe /c /ZI /JMC /nologo /W3 /WX- /diagnostics:column /sdl /Od /Oy- /D WIN32 /D _DEBUG /D _CONSOLE /D _UNICODE /D UNICODE /Gm- /EHsc /RTC1 /MDd /GS /fp:precise /Zc:wchar_t /Zc:forScope /Zc:inline /Yc"stdafx.h" /Fp"Debug\Generation.pch" /Fo"Debug\\" /Fd"Debug\vc142.pdb" /Gd /TP /analyze- /FC /errorReport:prompt stdafx.cpp
         stdafx.cpp
       Link:
         C:\Program Files (x86)\Microsoft Visual Studio\2019\Community\VC\Tools\MSVC\14.28.29333\bin\HostX86\x86\link.exe /ERRORREPORT:PROMPT /OUT:"D:\Доки\Уник\ЯП\Курсач\Generation\Debug\Generation.exe" /INCREMENTAL /NOLOGO kernel32.lib user32.lib gdi32.lib winspool.lib comdlg32.lib advapi32.lib shell32.lib ole32.lib oleaut32.lib uuid.lib odbc32.lib odbccp32.lib /MANIFEST /MANIFESTUAC:"level='asInvoker' uiAccess='false'" /manifest:embed /DEBUG:FASTLINK /PDB:"D:\Доки\Уник\ЯП\Курсач\Generation\Debug\Generation.pdb" /SUBSYSTEM:CONSOLE /TLBID:1 /DYNAMICBASE /NXCOMPAT /IMPLIB:"D:\Доки\Уник\ЯП\Курсач\Generation\Debug\Generation.lib" /MACHINE:X86 Debug\stdafx.obj
         Debug\Gen.obj
     1>LINK : warning LNK4098: библиотека по умолчанию "libucrt.lib" конфликтует с использованием других библиотек; используйте /NODEFAULTLIB:library
         Generation.vcxproj -> D:\Доки\Уник\ЯП\Курсач\Generation\Debug\Generation.exe
       FinalizeBuildStatus:
         Файл "Debug\Generation.tlog\unsuccessfulbuild" удаляется.
         Обращение к "Debug\Generation.tlog\Generation.lastbuildstate".
     1>Сборка проекта "D:\Доки\Уник\ЯП\Курсач\Generation\Generation\Generation.vcxproj" завершена (целевые объекты Build).

Сборка успешно завершена.

       "D:\Доки\Уник\ЯП\Курсач\Generation\Generation\Generation.vcxproj" (целевой объект Build ) (1) ->
       (Целевой объект Link) -> 
         LINK : warning LNK4098: библиотека по умолчанию "libucrt.lib" конфликтует с использованием других библиотек; используйте /NODEFAULTLIB:library

    Предупреждений: 1
    Ошибок: 0

Прошло времени 00:00:02.97
